<?xml version="1.0" encoding="UTF-8"?>
<!-- Generated by org.testng.reporters.JUnitXMLReporter -->
<testsuite ignored="2" hostname="DESKTOP-BBS5QUB" failures="0" tests="5" name="Test" time="38.08" errors="0" timestamp="2021-01-09T00:38:02 CST">
  <testcase classname="TestCases.NewTestChrome" name="testOne" time="2.883"/>
  <testcase classname="TestCases.NewTestFireFox" name="testOne" time="5.458"/>
  <testcase classname="TestCases.NewTestChrome" name="testTwo" time="3.841"/>
  <testcase classname="TestCases.NewTestChrome" name="testThree" time="8.645"/>
  <testcase classname="TestCases.NewTestFireFox" name="testTwo" time="12.2"/>
  <testcase classname="Utilities.MyUtilities" name="@AfterTest tearDown" time="0.0">
    <ignored/>
  </testcase> <!-- @AfterTest tearDown -->
  <testcase classname="Utilities.MyUtilities" name="@BeforeTest startReport" time="0.0">
    <ignored/>
  </testcase> <!-- @BeforeTest startReport -->
</testsuite> <!-- Test -->
