<?xml version="1.0" encoding="UTF-8"?>
<testng-results ignored="2" total="7" passed="5" failed="0" skipped="0">
  <reporter-output>
  </reporter-output>
  <suite started-at="2021-01-09T00:37:23 CST" name="Suite" finished-at="2021-01-09T00:38:02 CST" duration-ms="38080">
    <groups>
    </groups>
    <test started-at="2021-01-09T00:37:23 CST" name="Test" finished-at="2021-01-09T00:38:02 CST" duration-ms="38080">
      <class name="Utilities.Setup_DockerGrid">
        <test-method is-config="true" signature="startDockerGrid()[pri:0, instance:Utilities.Setup_DockerGrid@e50a6f6]" started-at="2021-01-09T00:37:24 CST" name="startDockerGrid" finished-at="2021-01-09T00:37:39 CST" duration-ms="15003" status="PASS">
          <reporter-output>
          </reporter-output>
        </test-method> <!-- startDockerGrid -->
        <test-method is-config="true" signature="stopDockerGrid()[pri:0, instance:Utilities.Setup_DockerGrid@e50a6f6]" started-at="2021-01-09T00:37:57 CST" name="stopDockerGrid" finished-at="2021-01-09T00:38:02 CST" duration-ms="5005" status="PASS">
          <reporter-output>
          </reporter-output>
        </test-method> <!-- stopDockerGrid -->
      </class> <!-- Utilities.Setup_DockerGrid -->
      <class name="TestCases.NewTestFireFox">
        <test-method signature="testOne()[pri:1, instance:TestCases.NewTestFireFox@53ca01a2]" started-at="2021-01-09T00:37:39 CST" name="testOne" finished-at="2021-01-09T00:37:44 CST" duration-ms="5458" status="PASS">
          <reporter-output>
          </reporter-output>
        </test-method> <!-- testOne -->
        <test-method signature="testTwo()[pri:2, instance:TestCases.NewTestFireFox@53ca01a2]" started-at="2021-01-09T00:37:44 CST" name="testTwo" finished-at="2021-01-09T00:37:56 CST" duration-ms="12200" status="PASS">
          <reporter-output>
          </reporter-output>
        </test-method> <!-- testTwo -->
      </class> <!-- TestCases.NewTestFireFox -->
      <class name="TestCases.NewTestChrome">
        <test-method is-config="true" signature="startReport(java.lang.String, java.lang.String)[pri:0, instance:TestCases.NewTestChrome@14ec4505]" started-at="2021-01-09T00:37:23 CST" name="startReport" finished-at="2021-01-09T00:37:24 CST" duration-ms="105" status="PASS">
          <params>
            <param index="0">
              <value>
                <![CDATA[Windows]]>
              </value>
            </param>
            <param index="1">
              <value>
                <![CDATA[Chrome]]>
              </value>
            </param>
          </params>
          <reporter-output>
          </reporter-output>
        </test-method> <!-- startReport -->
        <test-method signature="testOne()[pri:1, instance:TestCases.NewTestChrome@14ec4505]" started-at="2021-01-09T00:37:39 CST" name="testOne" finished-at="2021-01-09T00:37:41 CST" duration-ms="2883" status="PASS">
          <reporter-output>
          </reporter-output>
        </test-method> <!-- testOne -->
        <test-method signature="testTwo()[pri:2, instance:TestCases.NewTestChrome@14ec4505]" started-at="2021-01-09T00:37:41 CST" name="testTwo" finished-at="2021-01-09T00:37:45 CST" duration-ms="3841" status="PASS">
          <reporter-output>
          </reporter-output>
        </test-method> <!-- testTwo -->
        <test-method signature="testThree()[pri:3, instance:TestCases.NewTestChrome@14ec4505]" started-at="2021-01-09T00:37:45 CST" name="testThree" finished-at="2021-01-09T00:37:54 CST" duration-ms="8645" status="PASS">
          <reporter-output>
          </reporter-output>
        </test-method> <!-- testThree -->
        <test-method is-config="true" signature="tearDown()[pri:0, instance:TestCases.NewTestChrome@14ec4505]" started-at="2021-01-09T00:37:56 CST" name="tearDown" finished-at="2021-01-09T00:37:57 CST" duration-ms="287" status="PASS">
          <reporter-output>
          </reporter-output>
        </test-method> <!-- tearDown -->
      </class> <!-- TestCases.NewTestChrome -->
    </test> <!-- Test -->
  </suite> <!-- Suite -->
</testng-results>
